# JRE version: OpenJDK Runtime Environment Corretto-17.0.14.7.1 (17.0.14+7) (build 17.0.14+7-LTS)
# Java VM: OpenJDK 64-Bit Server VM Corretto-17.0.14.7.1 (17.0.14+7-LTS, mixed mode, sharing, tiered, compressed oops, compressed class ptrs, g1 gc, windows-amd64)
GC Precious Log:
 CPUs: 8 total, 8 available
 Memory: 16149M
 Large Page Support: Disabled
 NUMA Support: Disabled
 Compressed Oops: Enabled (32-bit)
 Heap Region Size: 1M
 Heap Min Capacity: 256M
 Heap Initial Capacity: 256M
 Heap Max Capacity: 512M
 Pre-touch: Disabled
 Parallel Workers: 8
 Concurrent Workers: 2
 Concurrent Refinement Workers: 8
 Periodic GC: Disabled
Heap:
 garbage-first heap   total 262144K, used 132721K [0x00000000e0000000, 0x0000000100000000)
  region size 1024K, 101 young (103424K), 8 survivors (8192K)
 Metaspace       used 54639K, committed 55296K, reserved 393216K
  class space    used 7852K, committed 8128K, reserved 327680K
GC Heap History (16 events):
Event: 1.726 GC heap before
{Heap before GC invocations=0 (full 0):
 garbage-first heap   total 262144K, used 23552K [0x00000000e0000000, 0x0000000100000000)
  region size 1024K, 23 young (23552K), 0 survivors (0K)
 Metaspace       used 1066K, committed 1216K, reserved 393216K
  class space    used 73K, committed 128K, reserved 327680K
}
Event: 1.743 GC heap after
{Heap after GC invocations=1 (full 0):
 garbage-first heap   total 262144K, used 3104K [0x00000000e0000000, 0x0000000100000000)
  region size 1024K, 3 young (3072K), 3 survivors (3072K)
 Metaspace       used 1066K, committed 1216K, reserved 393216K
  class space    used 73K, committed 128K, reserved 327680K
}
Event: 3.463 GC heap before
{Heap before GC invocations=1 (full 0):
 garbage-first heap   total 262144K, used 38944K [0x00000000e0000000, 0x0000000100000000)
  region size 1024K, 36 young (36864K), 3 survivors (3072K)
 Metaspace       used 4357K, committed 4544K, reserved 393216K
  class space    used 545K, committed 640K, reserved 327680K
}
Event: 3.468 GC heap after
{Heap after GC invocations=2 (full 0):
 garbage-first heap   total 262144K, used 10955K [0x00000000e0000000, 0x0000000100000000)
  region size 1024K, 5 young (5120K), 5 survivors (5120K)
 Metaspace       used 4357K, committed 4544K, reserved 393216K
  class space    used 545K, committed 640K, reserved 327680K
}
Event: 6.887 GC heap before
{Heap before GC invocations=2 (full 0):
 garbage-first heap   total 262144K, used 60107K [0x00000000e0000000, 0x0000000100000000)
  region size 1024K, 51 young (52224K), 5 survivors (5120K)
 Metaspace       used 4769K, committed 4928K, reserved 393216K
  class space    used 609K, committed 704K, reserved 327680K
}
Event: 6.892 GC heap after
{Heap after GC invocations=3 (full 0):
 garbage-first heap   total 262144K, used 16438K [0x00000000e0000000, 0x0000000100000000)
  region size 1024K, 5 young (5120K), 5 survivors (5120K)
 Metaspace       used 4769K, committed 4928K, reserved 393216K
  class space    used 609K, committed 704K, reserved 327680K
}
Event: 16.034 GC heap before
{Heap before GC invocations=3 (full 0):
 garbage-first heap   total 262144K, used 126006K [0x00000000e0000000, 0x0000000100000000)
  region size 1024K, 113 young (115712K), 5 survivors (5120K)
 Metaspace       used 21146K, committed 21504K, reserved 393216K
  class space    used 3101K, committed 3264K, reserved 327680K
}
Event: 16.082 GC heap after
{Heap after GC invocations=4 (full 0):
 garbage-first heap   total 262144K, used 23620K [0x00000000e0000000, 0x0000000100000000)
  region size 1024K, 12 young (12288K), 12 survivors (12288K)
 Metaspace       used 21146K, committed 21504K, reserved 393216K
  class space    used 3101K, committed 3264K, reserved 327680K
}
Event: 23.105 GC heap before
{Heap before GC invocations=5 (full 0):
 garbage-first heap   total 262144K, used 145476K [0x00000000e0000000, 0x0000000100000000)
  region size 1024K, 127 young (130048K), 12 survivors (12288K)
 Metaspace       used 35688K, committed 36096K, reserved 393216K
  class space    used 4953K, committed 5120K, reserved 327680K
}
Event: 23.121 GC heap after
{Heap after GC invocations=6 (full 0):
 garbage-first heap   total 262144K, used 32083K [0x00000000e0000000, 0x0000000100000000)
  region size 1024K, 16 young (16384K), 16 survivors (16384K)
 Metaspace       used 35688K, committed 36096K, reserved 393216K
  class space    used 4953K, committed 5120K, reserved 327680K
}
Event: 23.146 GC heap before
{Heap before GC invocations=6 (full 0):
 garbage-first heap   total 262144K, used 33107K [0x00000000e0000000, 0x0000000100000000)
  region size 1024K, 17 young (17408K), 16 survivors (16384K)
 Metaspace       used 35768K, committed 36224K, reserved 393216K
  class space    used 4971K, committed 5184K, reserved 327680K
}
Event: 23.162 GC heap after
{Heap after GC invocations=7 (full 0):
 garbage-first heap   total 262144K, used 32588K [0x00000000e0000000, 0x0000000100000000)
  region size 1024K, 2 young (2048K), 2 survivors (2048K)
 Metaspace       used 35768K, committed 36224K, reserved 393216K
  class space    used 4971K, committed 5184K, reserved 327680K
}
Event: 23.215 GC heap before
{Heap before GC invocations=7 (full 0):
 garbage-first heap   total 262144K, used 33612K [0x00000000e0000000, 0x0000000100000000)
  region size 1024K, 4 young (4096K), 2 survivors (2048K)
 Metaspace       used 35989K, committed 36416K, reserved 393216K
  class space    used 5002K, committed 5184K, reserved 327680K
}
Event: 23.217 GC heap after
{Heap after GC invocations=8 (full 0):
 garbage-first heap   total 262144K, used 31035K [0x00000000e0000000, 0x0000000100000000)
  region size 1024K, 1 young (1024K), 1 survivors (1024K)
 Metaspace       used 35989K, committed 36416K, reserved 393216K
  class space    used 5002K, committed 5184K, reserved 327680K
}
Event: 30.907 GC heap before
{Heap before GC invocations=9 (full 0):
 garbage-first heap   total 262144K, used 188731K [0x00000000e0000000, 0x0000000100000000)
  region size 1024K, 153 young (156672K), 1 survivors (1024K)
 Metaspace       used 49285K, committed 49920K, reserved 393216K
  class space    used 6931K, committed 7232K, reserved 327680K
}
Event: 30.918 GC heap after
{Heap after GC invocations=10 (full 0):
 garbage-first heap   total 262144K, used 38513K [0x00000000e0000000, 0x0000000100000000)
  region size 1024K, 8 young (8192K), 8 survivors (8192K)
 Metaspace       used 49285K, committed 49920K, reserved 393216K
  class space    used 6931K, committed 7232K, reserved 327680K
}

